[2024-11-10T10:59:18.552] [INFO] info - get params:{}
[2024-11-10T10:59:18.552] [INFO] info - post params:{}
[2024-11-10T10:59:18.557] [INFO] info - get params:{}
[2024-11-10T10:59:18.557] [INFO] info - post params:{}
[2024-11-10T10:59:24.397] [INFO] info - get params:{}
[2024-11-10T10:59:24.398] [INFO] info - post params:{"userName":"admin","userPwd":"admin"}
[2024-11-10T10:59:33.790] [INFO] info - get params:{}
[2024-11-10T10:59:33.790] [INFO] info - post params:{"userName":"admin","userPwd":"admin"}
[2024-11-10T10:59:34.684] [INFO] info - get params:{}
[2024-11-10T10:59:34.684] [INFO] info - post params:{"userName":"admin","userPwd":"admin"}
[2024-11-10T11:03:12.464] [INFO] info - get params:{}
[2024-11-10T11:03:12.465] [INFO] info - post params:{"userName":"admin","userPwd":"admin"}
[2024-11-10T11:03:13.166] [INFO] info - get params:{}
[2024-11-10T11:03:13.167] [INFO] info - post params:{"userName":"admin","userPwd":"admin"}
[2024-11-10T11:03:13.659] [INFO] info - get params:{}
[2024-11-10T11:03:13.660] [INFO] info - post params:{"userName":"admin","userPwd":"admin"}
[2024-11-10T11:03:13.855] [INFO] info - get params:{}
[2024-11-10T11:03:13.856] [INFO] info - post params:{"userName":"admin","userPwd":"admin"}
[2024-11-10T11:03:14.050] [INFO] info - get params:{}
[2024-11-10T11:03:14.051] [INFO] info - post params:{"userName":"admin","userPwd":"admin"}
[2024-11-10T11:03:14.202] [INFO] info - get params:{}
[2024-11-10T11:03:14.203] [INFO] info - post params:{"userName":"admin","userPwd":"admin"}
[2024-11-10T11:10:59.637] [INFO] info - get params:{}
[2024-11-10T11:10:59.638] [INFO] info - post params:{}
[2024-11-10T11:10:59.649] [INFO] info - get params:{}
[2024-11-10T11:10:59.649] [INFO] info - post params:{}
[2024-11-10T11:12:56.726] [INFO] info - ***database connect SUCCSS***
[2024-11-10T11:13:05.506] [INFO] info - get params:{}
[2024-11-10T11:13:05.507] [INFO] info - post params:{}
[2024-11-10T11:13:05.519] [INFO] info - get params:{}
[2024-11-10T11:13:05.520] [INFO] info - post params:{}
[2024-11-10T11:13:11.239] [INFO] info - get params:{}
[2024-11-10T11:13:11.240] [INFO] info - post params:{"userName":"admin","userPwd":"admin"}
[2024-11-10T11:13:11.362] [INFO] info - get params:{}
[2024-11-10T11:13:11.362] [INFO] info - post params:{}
[2024-11-10T11:13:11.375] [INFO] info - get params:{}
[2024-11-10T11:13:11.376] [INFO] info - post params:{}
[2024-11-10T11:13:14.409] [INFO] info - get params:{"applyState":"1","pageNum":"1","pageSize":"10","total":"0","type":"approve"}
[2024-11-10T11:13:14.410] [INFO] info - post params:{}
[2024-11-10T11:25:57.915] [INFO] info - get params:{"state":"0","pageNum":"1","pageSize":"10"}
[2024-11-10T11:25:57.917] [INFO] info - post params:{}
[2024-11-10T11:25:57.924] [INFO] info - get params:{}
[2024-11-10T11:25:57.925] [INFO] info - post params:{}
[2024-11-10T11:25:57.930] [INFO] info - get params:{}
[2024-11-10T11:25:57.931] [INFO] info - post params:{}
[2024-11-10T11:27:02.825] [INFO] info - get params:{}
[2024-11-10T11:27:02.826] [INFO] info - post params:{"state":1,"position":"66c20446e16f5c2ccc46aa7a","userName":"simon","userEmail":"ass@abc.com","mobile":"012-34567895","job":"Automation Engineer","deptId":["66d309016449502d8e2cafc5"],"action":"add"}
[2024-11-10T11:27:02.952] [INFO] info - get params:{"state":"0","pageNum":"1","pageSize":"10","total":"7"}
[2024-11-10T11:27:02.953] [INFO] info - post params:{}
[2024-11-10T11:27:21.903] [INFO] info - get params:{}
[2024-11-10T11:27:21.904] [INFO] info - post params:{"userName":"simon","userPwd":"admin"}
[2024-11-10T11:27:34.976] [INFO] info - get params:{}
[2024-11-10T11:27:34.976] [INFO] info - post params:{"userName":"simon","userPwd":"admin"}
[2024-11-10T11:28:23.699] [INFO] info - get params:{}
[2024-11-10T11:28:23.700] [INFO] info - post params:{"userName":"simon","userPwd":"123456"}
[2024-11-10T11:28:23.884] [INFO] info - get params:{}
[2024-11-10T11:28:23.885] [INFO] info - post params:{}
[2024-11-10T11:28:23.892] [INFO] info - get params:{}
[2024-11-10T11:28:23.892] [INFO] info - post params:{}
[2024-11-10T11:28:53.364] [INFO] info - get params:{}
[2024-11-10T11:28:53.364] [INFO] info - post params:{"userName":"admin","userPwd":"admin"}
[2024-11-10T11:28:53.450] [INFO] info - get params:{}
[2024-11-10T11:28:53.450] [INFO] info - post params:{}
[2024-11-10T11:28:53.458] [INFO] info - get params:{}
[2024-11-10T11:28:53.459] [INFO] info - post params:{}
[2024-11-10T11:28:56.075] [INFO] info - get params:{"menuState":"1"}
[2024-11-10T11:28:56.076] [INFO] info - post params:{}
[2024-11-10T11:28:57.317] [INFO] info - get params:{"state":"0","pageNum":"1","pageSize":"10"}
[2024-11-10T11:28:57.318] [INFO] info - post params:{}
[2024-11-10T11:28:57.324] [INFO] info - get params:{}
[2024-11-10T11:28:57.325] [INFO] info - post params:{}
[2024-11-10T11:28:57.332] [INFO] info - get params:{}
[2024-11-10T11:28:57.333] [INFO] info - post params:{}
[2024-11-10T11:29:12.957] [INFO] info - get params:{}
[2024-11-10T11:29:12.958] [INFO] info - post params:{}
[2024-11-10T11:29:12.962] [INFO] info - get params:{"roleName":"","pageSize":"10","pageNum":"1","total":"0"}
[2024-11-10T11:29:12.963] [INFO] info - post params:{}
[2024-11-10T11:29:37.030] [INFO] info - get params:{}
[2024-11-10T11:29:37.031] [INFO] info - post params:{"userName":"ali","userPwd":"123456"}
[2024-11-10T11:29:37.133] [INFO] info - get params:{}
[2024-11-10T11:29:37.133] [INFO] info - post params:{}
[2024-11-10T11:29:37.139] [INFO] info - get params:{}
[2024-11-10T11:29:37.140] [INFO] info - post params:{}
[2024-11-10T11:29:46.086] [INFO] info - get params:{"applyState":"1","pageNum":"1","pageSize":"10","total":"0"}
[2024-11-10T11:29:46.087] [INFO] info - post params:{}
[2024-11-10T11:29:46.095] [INFO] info - get params:{}
[2024-11-10T11:29:46.096] [INFO] info - post params:{}
[2024-11-10T11:30:00.164] [INFO] info - get params:{}
[2024-11-10T11:30:00.164] [INFO] info - post params:{"userName":"simon","userPwd":"123456"}
[2024-11-10T11:30:00.245] [INFO] info - get params:{}
[2024-11-10T11:30:00.246] [INFO] info - post params:{}
[2024-11-10T11:30:00.254] [INFO] info - get params:{}
[2024-11-10T11:30:00.255] [INFO] info - post params:{}
[2024-11-10T11:30:08.409] [INFO] info - get params:{}
[2024-11-10T11:30:08.410] [INFO] info - post params:{"userName":"admin","userPwd":"admin"}
[2024-11-10T11:30:08.488] [INFO] info - get params:{}
[2024-11-10T11:30:08.489] [INFO] info - post params:{}
[2024-11-10T11:30:08.494] [INFO] info - get params:{}
[2024-11-10T11:30:08.494] [INFO] info - post params:{}
[2024-11-10T11:30:10.664] [INFO] info - get params:{"roleName":"","pageSize":"10","pageNum":"1","total":"0"}
[2024-11-10T11:30:10.664] [INFO] info - post params:{}
[2024-11-10T11:30:10.669] [INFO] info - get params:{}
[2024-11-10T11:30:10.670] [INFO] info - post params:{}
[2024-11-10T11:30:37.490] [INFO] info - get params:{"state":"0","pageNum":"1","pageSize":"10"}
[2024-11-10T11:30:37.491] [INFO] info - post params:{}
[2024-11-10T11:30:37.493] [INFO] info - get params:{}
[2024-11-10T11:30:37.494] [INFO] info - post params:{}
[2024-11-10T11:30:37.498] [INFO] info - get params:{}
[2024-11-10T11:30:37.499] [INFO] info - post params:{}
[2024-11-10T11:30:51.895] [INFO] info - get params:{}
[2024-11-10T11:30:51.895] [INFO] info - post params:{"state":1,"position":"66c20446e16f5c2ccc46aa7a","userId":7,"userName":"simon","userEmail":"ass@abc.com@abc.com","mobile":"012-34567895","deptId":["66d309016449502d8e2cafc5"],"job":"Automation Engineer","leave_balance":14,"role":1,"roleList":[],"createTime":"2024-11-10T03:12:56.271Z","lastLoginTime":"2024-11-10T03:12:56.271Z","__v":0,"action":"edit"}
[2024-11-10T11:30:51.992] [INFO] info - get params:{"state":"0","pageNum":"1","pageSize":"10","total":"8"}
[2024-11-10T11:30:51.993] [INFO] info - post params:{}
[2024-11-10T11:30:58.924] [INFO] info - get params:{"state":"0","pageNum":"1","pageSize":"10"}
[2024-11-10T11:30:58.925] [INFO] info - post params:{}
[2024-11-10T11:30:58.927] [INFO] info - get params:{}
[2024-11-10T11:30:58.927] [INFO] info - post params:{}
[2024-11-10T11:30:58.931] [INFO] info - get params:{}
[2024-11-10T11:30:58.932] [INFO] info - post params:{}
[2024-11-10T11:30:58.939] [INFO] info - get params:{}
[2024-11-10T11:30:58.940] [INFO] info - post params:{}
[2024-11-10T11:30:58.948] [INFO] info - get params:{}
[2024-11-10T11:30:58.949] [INFO] info - post params:{}
[2024-11-10T11:31:00.171] [INFO] info - get params:{"applyState":"1","pageNum":"1","pageSize":"10","total":"0"}
[2024-11-10T11:31:00.172] [INFO] info - post params:{}
[2024-11-10T11:31:00.178] [INFO] info - get params:{}
[2024-11-10T11:31:00.179] [INFO] info - post params:{}
[2024-11-10T11:31:01.317] [INFO] info - get params:{"applyState":"1","pageNum":"1","pageSize":"10","total":"0","type":"approve"}
[2024-11-10T11:31:01.317] [INFO] info - post params:{}
[2024-11-10T11:31:02.755] [INFO] info - get params:{}
[2024-11-10T11:31:02.756] [INFO] info - post params:{}
[2024-11-10T11:31:02.762] [INFO] info - get params:{}
[2024-11-10T11:31:02.762] [INFO] info - post params:{}
[2024-11-10T11:31:02.768] [INFO] info - get params:{"state":"0","pageNum":"1","pageSize":"10"}
[2024-11-10T11:31:02.768] [INFO] info - post params:{}
[2024-11-10T11:31:03.322] [INFO] info - get params:{"roleName":"","pageSize":"10","pageNum":"1","total":"0"}
[2024-11-10T11:31:03.323] [INFO] info - post params:{}
[2024-11-10T11:31:03.328] [INFO] info - get params:{}
[2024-11-10T11:31:03.328] [INFO] info - post params:{}
[2024-11-10T11:31:03.913] [INFO] info - get params:{}
[2024-11-10T11:31:03.913] [INFO] info - post params:{}
[2024-11-10T11:31:03.918] [INFO] info - get params:{"deptName":""}
[2024-11-10T11:31:03.919] [INFO] info - post params:{}
[2024-11-10T11:31:17.365] [INFO] info - get params:{}
[2024-11-10T11:31:17.366] [INFO] info - post params:{"userName":"simon","userPwd":"123456"}
[2024-11-10T11:31:17.458] [INFO] info - get params:{}
[2024-11-10T11:31:17.459] [INFO] info - post params:{}
[2024-11-10T11:31:17.463] [INFO] info - get params:{}
[2024-11-10T11:31:17.464] [INFO] info - post params:{}
[2024-11-10T11:31:32.941] [INFO] info - get params:{}
[2024-11-10T11:31:32.942] [INFO] info - post params:{"userName":"admin","userPwd":"admin"}
[2024-11-10T11:31:33.057] [INFO] info - get params:{}
[2024-11-10T11:31:33.058] [INFO] info - post params:{}
[2024-11-10T11:31:33.063] [INFO] info - get params:{}
[2024-11-10T11:31:33.064] [INFO] info - post params:{}
[2024-11-10T11:31:36.244] [INFO] info - get params:{"state":"0","pageNum":"1","pageSize":"10"}
[2024-11-10T11:31:36.245] [INFO] info - post params:{}
[2024-11-10T11:31:36.249] [INFO] info - get params:{}
[2024-11-10T11:31:36.250] [INFO] info - post params:{}
[2024-11-10T11:31:36.254] [INFO] info - get params:{}
[2024-11-10T11:31:36.255] [INFO] info - post params:{}
[2024-11-10T11:31:50.967] [INFO] info - get params:{}
[2024-11-10T11:31:50.967] [INFO] info - post params:{"state":1,"position":"66c20446e16f5c2ccc46aa78","userId":7,"userName":"simon","userEmail":"ass@abc.com@abc.com","mobile":"012-34567895","deptId":["66d309016449502d8e2cafc5"],"job":"Automation Engineer","leave_balance":14,"role":1,"roleList":[],"createTime":"2024-11-10T03:12:56.271Z","lastLoginTime":"2024-11-10T03:12:56.271Z","__v":0,"action":"edit"}
[2024-11-10T11:31:51.023] [INFO] info - get params:{"state":"0","pageNum":"1","pageSize":"10","total":"8"}
[2024-11-10T11:31:51.024] [INFO] info - post params:{}
[2024-11-10T11:32:00.869] [INFO] info - get params:{}
[2024-11-10T11:32:00.869] [INFO] info - post params:{"userName":"simon","userPwd":"123456"}
[2024-11-10T11:32:00.939] [INFO] info - get params:{}
[2024-11-10T11:32:00.939] [INFO] info - post params:{}
[2024-11-10T11:32:00.943] [INFO] info - get params:{}
[2024-11-10T11:32:00.944] [INFO] info - post params:{}
[2024-11-10T11:32:19.911] [INFO] info - get params:{}
[2024-11-10T11:32:19.912] [INFO] info - post params:{"pass":"123456","checkPass":"123456"}
[2024-11-10T11:32:49.494] [INFO] info - get params:{}
[2024-11-10T11:32:49.495] [INFO] info - post params:{"userName":"simon","userPwd":"123456"}
[2024-11-10T11:32:49.568] [INFO] info - get params:{}
[2024-11-10T11:32:49.569] [INFO] info - post params:{}
[2024-11-10T11:32:49.577] [INFO] info - get params:{}
[2024-11-10T11:32:49.578] [INFO] info - post params:{}
[2024-11-10T11:32:56.865] [INFO] info - get params:{}
[2024-11-10T11:32:56.866] [INFO] info - post params:{"userName":"admin","userPwd":"admin"}
[2024-11-10T11:32:56.923] [INFO] info - get params:{}
[2024-11-10T11:32:56.924] [INFO] info - post params:{}
[2024-11-10T11:32:56.929] [INFO] info - get params:{}
[2024-11-10T11:32:56.930] [INFO] info - post params:{}
[2024-11-10T11:32:58.599] [INFO] info - get params:{"applyState":"1","pageNum":"1","pageSize":"10","total":"0","type":"approve"}
[2024-11-10T11:32:58.600] [INFO] info - post params:{}
[2024-11-10T11:32:59.381] [INFO] info - get params:{"applyState":"1","pageNum":"1","pageSize":"10","total":"0"}
[2024-11-10T11:32:59.381] [INFO] info - post params:{}
[2024-11-10T11:32:59.386] [INFO] info - get params:{}
[2024-11-10T11:32:59.387] [INFO] info - post params:{}
[2024-11-10T11:33:03.468] [INFO] info - get params:{"state":"0","pageNum":"1","pageSize":"10"}
[2024-11-10T11:33:03.468] [INFO] info - post params:{}
[2024-11-10T11:33:03.473] [INFO] info - get params:{}
[2024-11-10T11:33:03.474] [INFO] info - post params:{}
[2024-11-10T11:33:03.478] [INFO] info - get params:{}
[2024-11-10T11:33:03.479] [INFO] info - post params:{}
[2024-11-10T11:33:25.755] [INFO] info - get params:{}
[2024-11-10T11:33:25.755] [INFO] info - post params:{"state":1,"position":"66cadbd861c5e248cfb1ec24","userId":7,"userName":"simon","userEmail":"ass@abc.com@abc.com","mobile":"012-34567895","deptId":["66d309016449502d8e2cafc5"],"job":"Automation Engineer","leave_balance":14,"role":1,"roleList":[],"createTime":"2024-11-10T03:12:56.271Z","lastLoginTime":"2024-11-10T03:12:56.271Z","__v":0,"action":"edit"}
[2024-11-10T11:33:25.834] [INFO] info - get params:{"state":"0","pageNum":"1","pageSize":"10","total":"8"}
[2024-11-10T11:33:25.835] [INFO] info - post params:{}
[2024-11-10T11:33:38.631] [INFO] info - get params:{}
[2024-11-10T11:33:38.632] [INFO] info - post params:{"userName":"simon","userPwd":"123456"}
[2024-11-10T11:33:38.715] [INFO] info - get params:{}
[2024-11-10T11:33:38.715] [INFO] info - post params:{}
[2024-11-10T11:33:38.721] [INFO] info - get params:{}
[2024-11-10T11:33:38.722] [INFO] info - post params:{}
[2024-11-10T11:34:16.702] [INFO] info - get params:{}
[2024-11-10T11:34:16.703] [INFO] info - post params:{"userName":"admin","userPwd":"admin"}
[2024-11-10T11:34:16.771] [INFO] info - get params:{}
[2024-11-10T11:34:16.772] [INFO] info - post params:{}
[2024-11-10T11:34:16.780] [INFO] info - get params:{}
[2024-11-10T11:34:16.780] [INFO] info - post params:{}
[2024-11-10T11:34:19.553] [INFO] info - get params:{"menuState":"1"}
[2024-11-10T11:34:19.554] [INFO] info - post params:{}
[2024-11-10T11:34:24.981] [INFO] info - get params:{"deptName":""}
[2024-11-10T11:34:24.982] [INFO] info - post params:{}
[2024-11-10T11:34:24.986] [INFO] info - get params:{}
[2024-11-10T11:34:24.986] [INFO] info - post params:{}
[2024-11-10T11:34:30.234] [INFO] info - get params:{"roleName":"","pageSize":"10","pageNum":"1","total":"0"}
[2024-11-10T11:34:30.235] [INFO] info - post params:{}
[2024-11-10T11:34:30.239] [INFO] info - get params:{}
[2024-11-10T11:34:30.240] [INFO] info - post params:{}
[2024-11-10T11:35:49.198] [INFO] info - get params:{"state":"0","pageNum":"1","pageSize":"10"}
[2024-11-10T11:35:49.199] [INFO] info - post params:{}
[2024-11-10T11:35:49.203] [INFO] info - get params:{}
[2024-11-10T11:35:49.204] [INFO] info - post params:{}
[2024-11-10T11:35:49.208] [INFO] info - get params:{}
[2024-11-10T11:35:49.209] [INFO] info - post params:{}
[2024-11-10T11:36:09.226] [INFO] info - get params:{}
[2024-11-10T11:36:09.227] [INFO] info - post params:{"state":1,"position":"66c20446e16f5c2ccc46aa7a","userId":7,"userName":"simon","userEmail":"ass@abc.com@abc.com","mobile":"012-34567895","deptId":["66d309016449502d8e2cafc5"],"job":"Automation Engineer","leave_balance":14,"role":1,"roleList":[],"createTime":"2024-11-10T03:12:56.271Z","lastLoginTime":"2024-11-10T03:12:56.271Z","__v":0,"action":"edit"}
[2024-11-10T11:36:09.447] [INFO] info - get params:{"state":"0","pageNum":"1","pageSize":"10","total":"8"}
[2024-11-10T11:36:09.448] [INFO] info - post params:{}
[2024-11-10T11:37:12.139] [INFO] info - get params:{}
[2024-11-10T11:37:12.140] [INFO] info - post params:{"state":3,"position":"66c20446e16f5c2ccc46aa7a","userId":7,"userName":"simon","userEmail":"ass@abc.com@abc.com","mobile":"012-34567895","deptId":["66d309016449502d8e2cafc5"],"job":"Automation Engineer","leave_balance":14,"role":1,"roleList":[],"createTime":"2024-11-10T03:12:56.271Z","lastLoginTime":"2024-11-10T03:12:56.271Z","__v":0,"action":"edit"}
[2024-11-10T11:37:12.203] [INFO] info - get params:{"state":"0","pageNum":"1","pageSize":"10","total":"8"}
[2024-11-10T11:37:12.204] [INFO] info - post params:{}
[2024-11-10T11:37:47.192] [INFO] info - get params:{}
[2024-11-10T11:37:47.193] [INFO] info - post params:{"state":1,"position":"66c20446e16f5c2ccc46aa7a","userId":7,"userName":"simon","userEmail":"ass@abc.com@abc.com","mobile":"012-34567895","deptId":["66d309016449502d8e2cafc5"],"job":"Automation Engineer","leave_balance":14,"role":1,"roleList":[],"createTime":"2024-11-10T03:12:56.271Z","lastLoginTime":"2024-11-10T03:12:56.271Z","__v":0,"action":"edit"}
[2024-11-10T11:37:47.262] [INFO] info - get params:{"state":"0","pageNum":"1","pageSize":"10","total":"8"}
[2024-11-10T11:37:47.263] [INFO] info - post params:{}
[2024-11-10T11:38:07.106] [INFO] info - get params:{}
[2024-11-10T11:38:07.107] [INFO] info - post params:{"state":1,"position":"66c20446e16f5c2ccc46aa7a","userId":7,"userName":"simon","userEmail":"ass@abc.com@abc.com","mobile":"012-34567895","deptId":["66d34b871f607c60e5328906"],"job":"Automation Engineer","leave_balance":14,"role":1,"roleList":[],"createTime":"2024-11-10T03:12:56.271Z","lastLoginTime":"2024-11-10T03:12:56.271Z","__v":0,"action":"edit"}
[2024-11-10T11:38:07.173] [INFO] info - get params:{"state":"0","pageNum":"1","pageSize":"10","total":"8"}
[2024-11-10T11:38:07.174] [INFO] info - post params:{}
[2024-11-10T11:38:24.604] [INFO] info - get params:{"applyState":"1","pageNum":"1","pageSize":"10","total":"0","type":"approve"}
[2024-11-10T11:38:24.605] [INFO] info - post params:{}
[2024-11-10T11:38:26.573] [INFO] info - get params:{"applyState":"1","pageNum":"1","pageSize":"10","total":"0"}
[2024-11-10T11:38:26.574] [INFO] info - post params:{}
[2024-11-10T11:38:26.579] [INFO] info - get params:{}
[2024-11-10T11:38:26.580] [INFO] info - post params:{}
[2024-11-10T11:38:31.064] [INFO] info - get params:{"deptName":""}
[2024-11-10T11:38:31.065] [INFO] info - post params:{}
[2024-11-10T11:38:31.068] [INFO] info - get params:{}
[2024-11-10T11:38:31.069] [INFO] info - post params:{}
[2024-11-10T11:38:43.615] [INFO] info - get params:{"roleName":"","pageSize":"10","pageNum":"1","total":"0"}
[2024-11-10T11:38:43.616] [INFO] info - post params:{}
[2024-11-10T11:38:43.622] [INFO] info - get params:{}
[2024-11-10T11:38:43.622] [INFO] info - post params:{}
[2024-11-10T11:41:00.132] [INFO] info - get params:{}
[2024-11-10T11:41:00.133] [INFO] info - post params:{}
[2024-11-10T11:41:00.135] [INFO] info - get params:{}
[2024-11-10T11:41:00.136] [INFO] info - post params:{}
[2024-11-10T11:41:00.139] [INFO] info - get params:{"state":"0","pageNum":"1","pageSize":"10"}
[2024-11-10T11:41:00.139] [INFO] info - post params:{}
[2024-11-10T11:41:32.356] [INFO] info - get params:{}
[2024-11-10T11:41:32.357] [INFO] info - post params:{"state":1,"position":"66c20446e16f5c2ccc46aa7a","userId":7,"userName":"simon","userEmail":"ass@abc.com@abc.com","mobile":"012-34567895","deptId":["66d34b871f607c60e5328906"],"job":"Tester","role":1,"roleList":[],"createTime":"2024-11-10T03:12:56.271Z","lastLoginTime":"2024-11-10T03:12:56.271Z","__v":0,"leave_balance":14,"action":"edit"}
[2024-11-10T11:41:32.457] [INFO] info - get params:{"state":"0","pageNum":"1","pageSize":"10","total":"8"}
[2024-11-10T11:41:32.458] [INFO] info - post params:{}
[2024-11-10T11:41:36.702] [INFO] info - get params:{"state":"0","pageNum":"1","pageSize":"10"}
[2024-11-10T11:41:36.703] [INFO] info - post params:{}
[2024-11-10T11:41:36.705] [INFO] info - get params:{}
[2024-11-10T11:41:36.706] [INFO] info - post params:{}
[2024-11-10T11:41:36.710] [INFO] info - get params:{}
[2024-11-10T11:41:36.711] [INFO] info - post params:{}
[2024-11-10T11:41:36.715] [INFO] info - get params:{}
[2024-11-10T11:41:36.716] [INFO] info - post params:{}
[2024-11-10T11:41:36.722] [INFO] info - get params:{}
[2024-11-10T11:41:36.724] [INFO] info - post params:{}
[2024-11-10T11:42:00.890] [INFO] info - get params:{}
[2024-11-10T11:42:00.891] [INFO] info - post params:{"state":1,"position":"66c20446e16f5c2ccc46aa7a","userId":7,"userName":"simon","userEmail":"ass@abc.com@abc.com","mobile":"012-34567895","deptId":["66d309016449502d8e2cafc5"],"job":"Tester","leave_balance":14,"role":1,"roleList":[],"createTime":"2024-11-10T03:12:56.271Z","lastLoginTime":"2024-11-10T03:12:56.271Z","__v":0,"action":"edit"}
[2024-11-10T11:42:00.965] [INFO] info - get params:{"state":"0","pageNum":"1","pageSize":"10","total":"8"}
[2024-11-10T11:42:00.966] [INFO] info - post params:{}
[2024-11-10T11:42:03.254] [INFO] info - get params:{"state":"0","pageNum":"1","pageSize":"10"}
[2024-11-10T11:42:03.254] [INFO] info - post params:{}
[2024-11-10T11:42:03.258] [INFO] info - get params:{}
[2024-11-10T11:42:03.259] [INFO] info - post params:{}
[2024-11-10T11:42:03.263] [INFO] info - get params:{}
[2024-11-10T11:42:03.263] [INFO] info - post params:{}
[2024-11-10T11:42:03.266] [INFO] info - get params:{}
[2024-11-10T11:42:03.267] [INFO] info - post params:{}
[2024-11-10T11:42:03.272] [INFO] info - get params:{}
[2024-11-10T11:42:03.272] [INFO] info - post params:{}
[2024-11-10T11:42:35.094] [INFO] info - get params:{}
[2024-11-10T11:42:35.095] [INFO] info - post params:{"state":1,"position":"66c20446e16f5c2ccc46aa7a","userId":7,"userName":"chloe","userEmail":"asdas@abc.com@abc.com","mobile":"012-34567896","deptId":["66d309016449502d8e2cafc5"],"job":"Tester","leave_balance":14,"role":1,"roleList":[],"createTime":"2024-11-10T03:12:56.271Z","lastLoginTime":"2024-11-10T03:12:56.271Z","__v":0,"action":"add"}
[2024-11-10T11:42:35.209] [INFO] info - get params:{"state":"0","pageNum":"1","pageSize":"10","total":"8"}
[2024-11-10T11:42:35.210] [INFO] info - post params:{}
[2024-11-10T11:42:53.527] [INFO] info - get params:{"menuState":"1"}
[2024-11-10T11:42:53.527] [INFO] info - post params:{}
[2024-11-10T11:42:55.071] [INFO] info - get params:{}
[2024-11-10T11:42:55.072] [INFO] info - post params:{}
[2024-11-10T11:42:55.077] [INFO] info - get params:{"applyState":"1","pageNum":"1","pageSize":"10","total":"0"}
[2024-11-10T11:42:55.078] [INFO] info - post params:{}
[2024-11-10T11:42:56.636] [INFO] info - get params:{"applyState":"1","pageNum":"1","pageSize":"10","total":"0","type":"approve"}
[2024-11-10T11:42:56.637] [INFO] info - post params:{}
[2024-11-10T11:42:58.096] [INFO] info - get params:{"state":"0","pageNum":"1","pageSize":"10"}
[2024-11-10T11:42:58.096] [INFO] info - post params:{}
[2024-11-10T11:42:58.102] [INFO] info - get params:{}
[2024-11-10T11:42:58.102] [INFO] info - post params:{}
[2024-11-10T11:42:58.106] [INFO] info - get params:{}
[2024-11-10T11:42:58.107] [INFO] info - post params:{}
[2024-11-10T11:42:59.602] [INFO] info - get params:{"roleName":"","pageSize":"10","pageNum":"1","total":"0"}
[2024-11-10T11:42:59.603] [INFO] info - post params:{}
[2024-11-10T11:42:59.607] [INFO] info - get params:{}
[2024-11-10T11:42:59.608] [INFO] info - post params:{}
[2024-11-10T11:43:00.882] [INFO] info - get params:{}
[2024-11-10T11:43:00.883] [INFO] info - post params:{}
[2024-11-10T11:43:00.887] [INFO] info - get params:{"deptName":""}
[2024-11-10T11:43:00.887] [INFO] info - post params:{}
[2024-11-10T11:43:02.025] [INFO] info - get params:{"roleName":"","pageSize":"10","pageNum":"1","total":"0"}
[2024-11-10T11:43:02.025] [INFO] info - post params:{}
[2024-11-10T11:43:02.029] [INFO] info - get params:{}
[2024-11-10T11:43:02.031] [INFO] info - post params:{}
[2024-11-10T11:43:03.128] [INFO] info - get params:{"state":"0","pageNum":"1","pageSize":"10"}
[2024-11-10T11:43:03.129] [INFO] info - post params:{}
[2024-11-10T11:43:03.133] [INFO] info - get params:{}
[2024-11-10T11:43:03.134] [INFO] info - post params:{}
[2024-11-10T11:43:03.138] [INFO] info - get params:{}
[2024-11-10T11:43:03.139] [INFO] info - post params:{}
[2024-11-10T11:49:04.524] [INFO] info - get params:{}
[2024-11-10T11:49:04.525] [INFO] info - post params:{"state":1,"position":"66d2fe122650db035a73f66b","userId":5,"userName":"Akik","userEmail":"Akik933@gma.com@abc.com","mobile":"0159664933","deptId":["66d34b871f607c60e5328906"],"job":"Manager Designer","role":1,"roleList":["66d2fe122650db035a73f66b"],"createTime":"2024-09-01T04:38:39.277Z","lastLoginTime":"2024-09-01T04:38:39.277Z","__v":0,"leave_balance":14,"action":"edit"}
[2024-11-10T11:49:04.607] [INFO] info - get params:{"state":"0","pageNum":"1","pageSize":"10","total":"9"}
[2024-11-10T11:49:04.608] [INFO] info - post params:{}
[2024-11-10T11:49:12.662] [INFO] info - get params:{}
[2024-11-10T11:49:12.663] [INFO] info - post params:{"state":1,"position":"66c20446e16f5c2ccc46aa7a","userId":4,"userName":"Abu","userEmail":"abubu@gma.com@abc.com","mobile":"0124686412","deptId":["66d34b871f607c60e5328906"],"job":"Designer","role":1,"roleList":["66c20446e16f5c2ccc46aa7a"],"createTime":"2024-09-01T04:38:39.277Z","lastLoginTime":"2024-09-01T04:38:39.277Z","__v":0,"leave_balance":14,"action":"edit"}
[2024-11-10T11:49:12.722] [INFO] info - get params:{"state":"0","pageNum":"1","pageSize":"10","total":"9"}
[2024-11-10T11:49:12.723] [INFO] info - post params:{}
[2024-11-10T11:49:28.649] [INFO] info - get params:{}
[2024-11-10T11:49:28.649] [INFO] info - post params:{"state":1,"position":"66c20446e16f5c2ccc46aa7a","userId":1,"userName":"asd","userEmail":"asd@gma.com@abc.com","mobile":"asdasdasd","deptId":["66d309016449502d8e2cafc5"],"job":"asd","role":1,"roleList":["66c20446e16f5c2ccc46aa7a"],"createTime":"2024-08-31T16:47:25.070Z","lastLoginTime":"2024-08-31T16:47:25.070Z","__v":0,"leave_balance":13,"action":"edit"}
[2024-11-10T11:49:28.726] [INFO] info - get params:{"state":"0","pageNum":"1","pageSize":"10","total":"9"}
[2024-11-10T11:49:28.728] [INFO] info - post params:{}
[2024-11-10T11:49:39.320] [INFO] info - get params:{}
[2024-11-10T11:49:39.321] [INFO] info - post params:{"userName":"abu","userPwd":"123456"}
[2024-11-10T11:49:49.461] [INFO] info - get params:{}
[2024-11-10T11:49:49.462] [INFO] info - post params:{"userName":"Akik","userPwd":"123456"}
[2024-11-10T11:49:49.567] [INFO] info - get params:{}
[2024-11-10T11:49:49.567] [INFO] info - post params:{}
[2024-11-10T11:49:49.570] [INFO] info - get params:{}
[2024-11-10T11:49:49.570] [INFO] info - post params:{}
[2024-11-10T11:49:57.131] [INFO] info - get params:{"applyState":"1","pageNum":"1","pageSize":"10","total":"0"}
[2024-11-10T11:49:57.132] [INFO] info - post params:{}
[2024-11-10T11:49:57.137] [INFO] info - get params:{}
[2024-11-10T11:49:57.138] [INFO] info - post params:{}
[2024-11-10T11:50:11.693] [INFO] info - get params:{}
[2024-11-10T11:50:11.693] [INFO] info - post params:{"userName":"admin","userPwd":"admin"}
[2024-11-10T11:50:11.759] [INFO] info - get params:{}
[2024-11-10T11:50:11.760] [INFO] info - post params:{}
[2024-11-10T11:50:11.767] [INFO] info - get params:{}
[2024-11-10T11:50:11.767] [INFO] info - post params:{}
[2024-11-10T11:50:14.370] [INFO] info - get params:{"roleName":"","pageSize":"10","pageNum":"1","total":"0"}
[2024-11-10T11:50:14.371] [INFO] info - post params:{}
[2024-11-10T11:50:14.375] [INFO] info - get params:{}
[2024-11-10T11:50:14.376] [INFO] info - post params:{}
[2024-11-10T11:50:16.457] [INFO] info - get params:{"state":"0","pageNum":"1","pageSize":"10"}
[2024-11-10T11:50:16.458] [INFO] info - post params:{}
[2024-11-10T11:50:16.463] [INFO] info - get params:{}
[2024-11-10T11:50:16.463] [INFO] info - post params:{}
[2024-11-10T11:50:16.467] [INFO] info - get params:{}
[2024-11-10T11:50:16.468] [INFO] info - post params:{}
[2024-11-10T11:50:28.823] [INFO] info - get params:{}
[2024-11-10T11:50:28.823] [INFO] info - post params:{"userName":"asd","userPwd":"123456"}
[2024-11-10T11:50:33.989] [INFO] info - get params:{}
[2024-11-10T11:50:33.989] [INFO] info - post params:{"userName":"asd","userPwd":"123456"}
[2024-11-10T11:50:37.480] [INFO] info - get params:{}
[2024-11-10T11:50:37.481] [INFO] info - post params:{"userName":"asd","userPwd":"admin"}
[2024-11-10T11:50:49.277] [INFO] info - get params:{}
[2024-11-10T11:50:49.278] [INFO] info - post params:{"userName":"admin","userPwd":"admin"}
[2024-11-10T11:50:49.352] [INFO] info - get params:{}
[2024-11-10T11:50:49.352] [INFO] info - post params:{}
[2024-11-10T11:50:49.360] [INFO] info - get params:{}
[2024-11-10T11:50:49.361] [INFO] info - post params:{}
[2024-11-10T11:50:55.131] [INFO] info - get params:{"roleName":"","pageSize":"10","pageNum":"1","total":"0"}
[2024-11-10T11:50:55.132] [INFO] info - post params:{}
[2024-11-10T11:50:55.136] [INFO] info - get params:{}
[2024-11-10T11:50:55.137] [INFO] info - post params:{}
[2024-11-10T11:50:56.768] [INFO] info - get params:{}
[2024-11-10T11:50:56.769] [INFO] info - post params:{}
[2024-11-10T11:50:56.774] [INFO] info - get params:{}
[2024-11-10T11:50:56.775] [INFO] info - post params:{}
[2024-11-10T11:50:56.780] [INFO] info - get params:{"state":"0","pageNum":"1","pageSize":"10"}
[2024-11-10T11:50:56.781] [INFO] info - post params:{}
[2024-11-10T11:51:10.451] [INFO] info - get params:{}
[2024-11-10T11:51:10.452] [INFO] info - post params:{"userName":"Abu","userPwd":"123456"}
[2024-11-10T11:51:10.699] [INFO] info - get params:{}
[2024-11-10T11:51:10.699] [INFO] info - post params:{}
[2024-11-10T11:51:10.706] [INFO] info - get params:{}
[2024-11-10T11:51:10.707] [INFO] info - post params:{}
[2024-11-10T11:51:13.651] [INFO] info - get params:{"applyState":"1","pageNum":"1","pageSize":"10","total":"0"}
[2024-11-10T11:51:13.652] [INFO] info - post params:{}
[2024-11-10T11:51:13.655] [INFO] info - get params:{}
[2024-11-10T11:51:13.656] [INFO] info - post params:{}
[2024-11-10T11:51:27.938] [INFO] info - get params:{}
[2024-11-10T11:51:27.938] [INFO] info - post params:{"applyType":1,"startTime":"2024-11-11T16:00:00.000Z","endTime":"2024-11-21T16:00:00.000Z","leaveTime":"11 Days","reasons":"Personal Matter","remainLeave":"14 days","action":"create"}
[2024-11-10T11:51:28.143] [INFO] info - get params:{"applyState":"1","pageNum":"1","pageSize":"10","total":"0"}
[2024-11-10T11:51:28.143] [INFO] info - post params:{}
[2024-11-10T11:51:28.146] [INFO] info - get params:{}
[2024-11-10T11:51:28.146] [INFO] info - post params:{}
[2024-11-10T11:51:39.353] [INFO] info - get params:{}
[2024-11-10T11:51:39.353] [INFO] info - post params:{"userName":"admin","userPwd":"admin"}
[2024-11-10T11:51:39.416] [INFO] info - get params:{}
[2024-11-10T11:51:39.416] [INFO] info - post params:{}
[2024-11-10T11:51:39.422] [INFO] info - get params:{}
[2024-11-10T11:51:39.422] [INFO] info - post params:{}
[2024-11-10T11:51:41.902] [INFO] info - get params:{"applyState":"1","pageNum":"1","pageSize":"10","total":"0","type":"approve"}
[2024-11-10T11:51:41.903] [INFO] info - post params:{}
[2024-11-10T11:51:45.204] [INFO] info - get params:{}
[2024-11-10T11:51:45.204] [INFO] info - post params:{}
[2024-11-10T11:51:45.207] [INFO] info - get params:{"state":"0","pageNum":"1","pageSize":"10"}
[2024-11-10T11:51:45.208] [INFO] info - post params:{}
[2024-11-10T11:51:45.212] [INFO] info - get params:{}
[2024-11-10T11:51:45.213] [INFO] info - post params:{}
[2024-11-10T11:51:53.419] [INFO] info - get params:{"roleName":"","pageSize":"10","pageNum":"1","total":"0"}
[2024-11-10T11:51:53.419] [INFO] info - post params:{}
[2024-11-10T11:51:53.422] [INFO] info - get params:{}
[2024-11-10T11:51:53.422] [INFO] info - post params:{}
[2024-11-10T11:51:54.767] [INFO] info - get params:{"deptName":""}
[2024-11-10T11:51:54.768] [INFO] info - post params:{}
[2024-11-10T11:51:54.772] [INFO] info - get params:{}
[2024-11-10T11:51:54.772] [INFO] info - post params:{}
[2024-11-10T11:51:57.684] [INFO] info - get params:{"roleName":"","pageSize":"10","pageNum":"1","total":"0"}
[2024-11-10T11:51:57.684] [INFO] info - post params:{}
[2024-11-10T11:51:57.688] [INFO] info - get params:{}
[2024-11-10T11:51:57.688] [INFO] info - post params:{}
[2024-11-10T11:52:05.556] [INFO] info - get params:{}
[2024-11-10T11:52:05.557] [INFO] info - post params:{"userName":"akik","userPwd":"123456"}
[2024-11-10T11:52:14.020] [INFO] info - get params:{}
[2024-11-10T11:52:14.021] [INFO] info - post params:{"userName":"akik","userPwd":"admin"}
[2024-11-10T11:52:21.817] [INFO] info - get params:{}
[2024-11-10T11:52:21.818] [INFO] info - post params:{"userName":"admin","userPwd":"123456"}
[2024-11-10T11:52:25.839] [INFO] info - get params:{}
[2024-11-10T11:52:25.840] [INFO] info - post params:{"userName":"admin","userPwd":"admin"}
[2024-11-10T11:52:25.905] [INFO] info - get params:{}
[2024-11-10T11:52:25.906] [INFO] info - post params:{}
[2024-11-10T11:52:25.909] [INFO] info - get params:{}
[2024-11-10T11:52:25.910] [INFO] info - post params:{}
[2024-11-10T11:53:25.617] [INFO] info - get params:{"roleName":"","pageSize":"10","pageNum":"1","total":"0"}
[2024-11-10T11:53:25.618] [INFO] info - post params:{}
[2024-11-10T11:53:25.623] [INFO] info - get params:{}
[2024-11-10T11:53:25.623] [INFO] info - post params:{}
[2024-11-10T11:53:28.156] [INFO] info - get params:{"state":"0","pageNum":"1","pageSize":"10"}
[2024-11-10T11:53:28.157] [INFO] info - post params:{}
[2024-11-10T11:53:28.161] [INFO] info - get params:{}
[2024-11-10T11:53:28.162] [INFO] info - post params:{}
[2024-11-10T11:53:28.166] [INFO] info - get params:{}
[2024-11-10T11:53:28.167] [INFO] info - post params:{}
[2024-11-10T11:53:37.881] [INFO] info - get params:{}
[2024-11-10T11:53:37.882] [INFO] info - post params:{"userName":"Akik","userPwd":"123456"}
[2024-11-10T11:53:37.983] [INFO] info - get params:{}
[2024-11-10T11:53:37.984] [INFO] info - post params:{}
[2024-11-10T11:53:37.989] [INFO] info - get params:{}
[2024-11-10T11:53:37.990] [INFO] info - post params:{}
[2024-11-10T11:53:42.413] [INFO] info - get params:{"applyState":"1","pageNum":"1","pageSize":"10","total":"0","type":"approve"}
[2024-11-10T11:53:42.414] [INFO] info - post params:{}
[2024-11-10T11:54:04.160] [INFO] info - get params:{}
[2024-11-10T11:54:04.161] [INFO] info - post params:{"action":"pass","remark":"noted, align task with teammate","_id":"67302dc06f87d3d0f65a32ab"}
[2024-11-10T11:54:04.247] [INFO] info - get params:{"applyState":"1","pageNum":"1","pageSize":"10","total":"1","type":"approve"}
[2024-11-10T11:54:04.248] [INFO] info - post params:{}
[2024-11-10T11:54:13.678] [INFO] info - get params:{}
[2024-11-10T11:54:13.679] [INFO] info - post params:{"userName":"Abu","userPwd":"123456"}
[2024-11-10T11:54:13.758] [INFO] info - get params:{}
[2024-11-10T11:54:13.759] [INFO] info - post params:{}
[2024-11-10T11:54:13.768] [INFO] info - get params:{}
[2024-11-10T11:54:13.768] [INFO] info - post params:{}
[2024-11-10T11:54:16.177] [INFO] info - get params:{"applyState":"1","pageNum":"1","pageSize":"10","total":"0"}
[2024-11-10T11:54:16.178] [INFO] info - post params:{}
[2024-11-10T11:54:16.184] [INFO] info - get params:{}
[2024-11-10T11:54:16.184] [INFO] info - post params:{}
[2024-11-10T11:54:22.088] [INFO] info - get params:{"applyState":"4","pageNum":"1","pageSize":"10","total":"0"}
[2024-11-10T11:54:22.089] [INFO] info - post params:{}
[2024-11-10T11:56:14.438] [INFO] info - get params:{}
[2024-11-10T11:56:14.439] [INFO] info - post params:{"userName":"admin","userPwd":"admin"}
[2024-11-10T11:56:14.508] [INFO] info - get params:{}
[2024-11-10T11:56:14.510] [INFO] info - post params:{}
[2024-11-10T11:56:14.516] [INFO] info - get params:{}
[2024-11-10T11:56:14.517] [INFO] info - post params:{}
[2024-11-10T11:57:50.037] [INFO] info - ***database connect SUCCSS***
[2024-11-10T11:58:40.369] [INFO] info - ***database connect SUCCSS***
[2024-11-10T12:08:12.882] [INFO] info - ***database connect SUCCSS***
[2024-11-10T12:08:29.253] [INFO] info - get params:{}
[2024-11-10T12:08:29.253] [INFO] info - post params:{}
[2024-11-10T12:08:29.269] [INFO] info - get params:{}
[2024-11-10T12:08:29.270] [INFO] info - post params:{}
[2024-11-10T12:08:44.921] [INFO] info - get params:{}
[2024-11-10T12:08:44.922] [INFO] info - post params:{"userName":"admin","userPwd":"admin"}
[2024-11-10T12:08:45.026] [INFO] info - get params:{}
[2024-11-10T12:08:45.027] [INFO] info - post params:{}
[2024-11-10T12:08:45.035] [INFO] info - get params:{}
[2024-11-10T12:08:45.036] [INFO] info - post params:{}
[2024-11-10T12:08:49.808] [INFO] info - get params:{}
[2024-11-10T12:08:49.809] [INFO] info - post params:{}
[2024-11-10T12:08:49.813] [INFO] info - get params:{"roleName":"","pageSize":"10","pageNum":"1","total":"0"}
[2024-11-10T12:08:49.814] [INFO] info - post params:{}
[2024-11-10T12:08:50.885] [INFO] info - get params:{}
[2024-11-10T12:08:50.886] [INFO] info - post params:{}
[2024-11-10T12:08:50.894] [INFO] info - get params:{}
[2024-11-10T12:08:50.895] [INFO] info - post params:{}
[2024-11-10T12:08:50.901] [INFO] info - get params:{"state":"0","pageNum":"1","pageSize":"10"}
[2024-11-10T12:08:50.901] [INFO] info - post params:{}
[2024-11-10T12:08:52.530] [INFO] info - get params:{"applyState":"1","pageNum":"1","pageSize":"10","total":"0","type":"approve"}
[2024-11-10T12:08:52.531] [INFO] info - post params:{}
[2024-11-10T12:08:53.680] [INFO] info - get params:{}
[2024-11-10T12:08:53.681] [INFO] info - post params:{}
[2024-11-10T12:08:53.687] [INFO] info - get params:{"applyState":"1","pageNum":"1","pageSize":"10","total":"0"}
[2024-11-10T12:08:53.687] [INFO] info - post params:{}
[2024-11-10T12:08:54.639] [INFO] info - get params:{"menuState":"1"}
[2024-11-10T12:08:54.639] [INFO] info - post params:{}
[2024-11-10T12:08:56.034] [INFO] info - get params:{"deptName":""}
[2024-11-10T12:08:56.035] [INFO] info - post params:{}
[2024-11-10T12:08:56.041] [INFO] info - get params:{}
[2024-11-10T12:08:56.041] [INFO] info - post params:{}
[2024-11-10T12:08:57.082] [INFO] info - get params:{"roleName":"","pageSize":"10","pageNum":"1","total":"0"}
[2024-11-10T12:08:57.082] [INFO] info - post params:{}
[2024-11-10T12:08:57.087] [INFO] info - get params:{}
[2024-11-10T12:08:57.088] [INFO] info - post params:{}
[2024-11-10T12:08:58.399] [INFO] info - get params:{"state":"0","pageNum":"1","pageSize":"10"}
[2024-11-10T12:08:58.400] [INFO] info - post params:{}
[2024-11-10T12:08:58.404] [INFO] info - get params:{}
[2024-11-10T12:08:58.404] [INFO] info - post params:{}
[2024-11-10T12:08:58.409] [INFO] info - get params:{}
[2024-11-10T12:08:58.410] [INFO] info - post params:{}
[2024-11-10T12:09:02.939] [INFO] info - get params:{}
[2024-11-10T12:09:02.940] [INFO] info - post params:{"state":1,"position":"66c20446e16f5c2ccc46aa7a","userId":8,"userName":"chloe","userEmail":"asdas@abc.com@abc.com@abc.com","mobile":"012-34567896","deptId":["66d309016449502d8e2cafc5"],"job":"Tester","leave_balance":14,"role":1,"roleList":[],"createTime":"2024-11-10T03:12:56.271Z","lastLoginTime":"2024-11-10T03:12:56.271Z","__v":0,"action":"edit"}
[2024-11-10T12:09:03.010] [INFO] info - get params:{"state":"0","pageNum":"1","pageSize":"10","total":"9"}
[2024-11-10T12:09:03.010] [INFO] info - post params:{}
[2024-11-10T12:09:08.345] [INFO] info - get params:{}
[2024-11-10T12:09:08.346] [INFO] info - post params:{"state":1,"position":"66c20446e16f5c2ccc46aa7a","userId":7,"userName":"simon","userEmail":"ass@abc.com@abc.com","mobile":"012-34567895","deptId":["66d309016449502d8e2cafc5"],"job":"Tester","leave_balance":14,"role":1,"roleList":[],"createTime":"2024-11-10T03:12:56.271Z","lastLoginTime":"2024-11-10T03:12:56.271Z","__v":0,"action":"edit"}
[2024-11-10T12:09:08.404] [INFO] info - get params:{"state":"0","pageNum":"1","pageSize":"10","total":"9"}
[2024-11-10T12:09:08.404] [INFO] info - post params:{}
[2024-11-10T12:09:22.359] [INFO] info - get params:{}
[2024-11-10T12:09:22.359] [INFO] info - post params:{"userName":"Abu","userPwd":"123456"}
[2024-11-10T12:09:22.453] [INFO] info - get params:{}
[2024-11-10T12:09:22.453] [INFO] info - post params:{}
[2024-11-10T12:09:22.461] [INFO] info - get params:{}
[2024-11-10T12:09:22.462] [INFO] info - post params:{}
[2024-11-10T12:09:29.794] [INFO] info - get params:{}
[2024-11-10T12:09:29.795] [INFO] info - post params:{}
[2024-11-10T12:09:29.801] [INFO] info - get params:{}
[2024-11-10T12:09:29.802] [INFO] info - post params:{}
[2024-11-10T12:10:06.456] [INFO] info - get params:{}
[2024-11-10T12:10:06.456] [INFO] info - post params:{}
[2024-11-10T12:10:06.461] [INFO] info - get params:{}
[2024-11-10T12:10:06.462] [INFO] info - post params:{}
[2024-11-10T12:10:22.161] [INFO] info - get params:{}
[2024-11-10T12:10:22.161] [INFO] info - post params:{"userName":"admin","userPwd":"admin"}
[2024-11-10T12:10:22.242] [INFO] info - get params:{}
[2024-11-10T12:10:22.242] [INFO] info - post params:{}
[2024-11-10T12:10:22.244] [INFO] info - get params:{}
[2024-11-10T12:10:22.244] [INFO] info - post params:{}
[2024-11-10T12:39:45.011] [INFO] info - get params:{}
[2024-11-10T12:39:45.011] [INFO] info - post params:{"userName":"admin","userPwd":"admin"}
[2024-11-10T12:39:45.105] [INFO] info - get params:{}
[2024-11-10T12:39:45.106] [INFO] info - post params:{}
[2024-11-10T12:39:45.109] [INFO] info - get params:{}
[2024-11-10T12:39:45.109] [INFO] info - post params:{}
[2024-11-10T12:40:13.751] [INFO] info - get params:{"menuState":"1"}
[2024-11-10T12:40:13.751] [INFO] info - post params:{}
[2024-11-10T12:40:29.755] [INFO] info - get params:{"applyState":"1","pageNum":"1","pageSize":"10","total":"0"}
[2024-11-10T12:40:29.755] [INFO] info - post params:{}
[2024-11-10T12:40:29.757] [INFO] info - get params:{}
[2024-11-10T12:40:29.758] [INFO] info - post params:{}
[2024-11-10T12:40:45.734] [INFO] info - get params:{"applyState":"1","pageNum":"1","pageSize":"10","total":"0","type":"approve"}
[2024-11-10T12:40:45.734] [INFO] info - post params:{}
[2024-11-10T12:40:50.909] [INFO] info - get params:{"applyState":"1","pageNum":"1","pageSize":"10","total":"0"}
[2024-11-10T12:40:50.910] [INFO] info - post params:{}
[2024-11-10T12:40:50.911] [INFO] info - get params:{}
[2024-11-10T12:40:50.913] [INFO] info - post params:{}
[2024-11-10T12:40:51.878] [INFO] info - get params:{"applyState":"1","pageNum":"1","pageSize":"10","total":"0","type":"approve"}
[2024-11-10T12:40:51.879] [INFO] info - post params:{}
[2024-11-10T12:40:56.446] [INFO] info - get params:{"state":"0","pageNum":"1","pageSize":"10"}
[2024-11-10T12:40:56.446] [INFO] info - post params:{}
[2024-11-10T12:40:56.448] [INFO] info - get params:{}
[2024-11-10T12:40:56.448] [INFO] info - post params:{}
[2024-11-10T12:40:56.449] [INFO] info - get params:{}
[2024-11-10T12:40:56.450] [INFO] info - post params:{}
[2024-11-10T12:41:09.083] [INFO] info - get params:{}
[2024-11-10T12:41:09.083] [INFO] info - post params:{}
[2024-11-10T12:41:09.084] [INFO] info - get params:{"roleName":"","pageSize":"10","pageNum":"1","total":"0"}
[2024-11-10T12:41:09.084] [INFO] info - post params:{}
[2024-11-10T12:41:19.800] [INFO] info - get params:{"deptName":""}
[2024-11-10T12:41:19.800] [INFO] info - post params:{}
[2024-11-10T12:41:19.801] [INFO] info - get params:{}
[2024-11-10T12:41:19.801] [INFO] info - post params:{}
[2024-11-10T12:41:34.851] [INFO] info - get params:{"state":"0","pageNum":"1","pageSize":"10"}
[2024-11-10T12:41:34.852] [INFO] info - post params:{}
[2024-11-10T12:41:34.855] [INFO] info - get params:{}
[2024-11-10T12:41:34.856] [INFO] info - post params:{}
[2024-11-10T12:41:34.859] [INFO] info - get params:{}
[2024-11-10T12:41:34.859] [INFO] info - post params:{}
[2024-11-10T12:41:43.882] [INFO] info - get params:{}
[2024-11-10T12:41:43.882] [INFO] info - post params:{"state":1,"position":"66d2fe122650db035a73f66b","userId":8,"userName":"chloe","userEmail":"asdas@abc.com@abc.com@abc.com","mobile":"012-34567896","deptId":["66d309016449502d8e2cafc5"],"job":"Tester","leave_balance":14,"role":1,"roleList":[],"createTime":"2024-11-10T03:12:56.271Z","lastLoginTime":"2024-11-10T03:12:56.271Z","__v":0,"action":"edit"}
[2024-11-10T12:41:43.933] [INFO] info - get params:{"state":"0","pageNum":"1","pageSize":"10","total":"9"}
[2024-11-10T12:41:43.934] [INFO] info - post params:{}
[2024-11-10T12:41:50.368] [INFO] info - get params:{}
[2024-11-10T12:41:50.368] [INFO] info - post params:{}
[2024-11-10T12:41:50.369] [INFO] info - get params:{"roleName":"","pageSize":"10","pageNum":"1","total":"0"}
[2024-11-10T12:41:50.370] [INFO] info - post params:{}
[2024-11-10T12:42:08.206] [INFO] info - get params:{"state":"0","pageNum":"1","pageSize":"10"}
[2024-11-10T12:42:08.206] [INFO] info - post params:{}
[2024-11-10T12:42:08.208] [INFO] info - get params:{}
[2024-11-10T12:42:08.208] [INFO] info - post params:{}
[2024-11-10T12:42:08.209] [INFO] info - get params:{}
[2024-11-10T12:42:08.209] [INFO] info - post params:{}
[2024-11-10T12:42:56.293] [INFO] info - get params:{}
[2024-11-10T12:42:56.294] [INFO] info - post params:{"userName":"Abu","userPwd":"123456"}
[2024-11-10T12:42:56.355] [INFO] info - get params:{}
[2024-11-10T12:42:56.355] [INFO] info - post params:{}
[2024-11-10T12:42:56.358] [INFO] info - get params:{}
[2024-11-10T12:42:56.358] [INFO] info - post params:{}
[2024-11-10T12:43:11.077] [INFO] info - get params:{"applyState":"1","pageNum":"1","pageSize":"10","total":"0"}
[2024-11-10T12:43:11.078] [INFO] info - post params:{}
[2024-11-10T12:43:11.079] [INFO] info - get params:{}
[2024-11-10T12:43:11.080] [INFO] info - post params:{}
[2024-11-10T12:50:54.375] [INFO] info - get params:{}
[2024-11-10T12:50:54.375] [INFO] info - post params:{"applyType":1,"startTime":"2024-11-26T16:00:00.000Z","endTime":"2024-11-27T16:00:00.000Z","leaveTime":"2 Days","reasons":"Personal matter","remainLeave":"13 days","action":"create"}
[2024-11-10T12:50:54.627] [INFO] info - get params:{"applyState":"1","pageNum":"1","pageSize":"10","total":"0"}
[2024-11-10T12:50:54.628] [INFO] info - post params:{}
[2024-11-10T12:50:54.631] [INFO] info - get params:{}
[2024-11-10T12:50:54.631] [INFO] info - post params:{}
[2024-11-10T12:51:17.599] [INFO] info - get params:{}
[2024-11-10T12:51:17.599] [INFO] info - post params:{"userName":"Akik","userPwd":"123456"}
[2024-11-10T12:51:17.658] [INFO] info - get params:{}
[2024-11-10T12:51:17.658] [INFO] info - post params:{}
[2024-11-10T12:51:17.660] [INFO] info - get params:{}
[2024-11-10T12:51:17.660] [INFO] info - post params:{}
[2024-11-10T12:51:20.838] [INFO] info - get params:{"applyState":"1","pageNum":"1","pageSize":"10","total":"0","type":"approve"}
[2024-11-10T12:51:20.839] [INFO] info - post params:{}
[2024-11-10T12:52:04.166] [INFO] info - get params:{}
[2024-11-10T12:52:04.167] [INFO] info - post params:{"action":"pass","remark":"ok","_id":"67303baed1b058f65d531546"}
[2024-11-10T12:52:04.242] [INFO] info - get params:{"applyState":"1","pageNum":"1","pageSize":"10","total":"1","type":"approve"}
[2024-11-10T12:52:04.243] [INFO] info - post params:{}
[2024-11-10T12:53:56.445] [INFO] info - get params:{}
[2024-11-10T12:53:56.445] [INFO] info - post params:{"userName":"Akik","userPwd":"123456"}
[2024-11-10T12:53:56.624] [INFO] info - get params:{}
[2024-11-10T12:53:56.625] [INFO] info - post params:{}
[2024-11-10T12:53:56.628] [INFO] info - get params:{}
[2024-11-10T12:53:56.629] [INFO] info - post params:{}
[2024-11-10T12:53:59.947] [INFO] info - get params:{"applyState":"1","pageNum":"1","pageSize":"10","total":"0","type":"approve"}
[2024-11-10T12:53:59.948] [INFO] info - post params:{}
[2024-11-10T12:54:10.773] [INFO] info - get params:{}
[2024-11-10T12:54:10.774] [INFO] info - post params:{"userName":"Abu","userPwd":"123456"}
[2024-11-10T12:54:10.832] [INFO] info - get params:{}
[2024-11-10T12:54:10.832] [INFO] info - post params:{}
[2024-11-10T12:54:10.835] [INFO] info - get params:{}
[2024-11-10T12:54:10.835] [INFO] info - post params:{}
[2024-11-10T12:54:13.029] [INFO] info - get params:{"applyState":"1","pageNum":"1","pageSize":"10","total":"0"}
[2024-11-10T12:54:13.030] [INFO] info - post params:{}
[2024-11-10T12:54:13.033] [INFO] info - get params:{}
[2024-11-10T12:54:13.033] [INFO] info - post params:{}
[2024-11-10T12:54:18.559] [INFO] info - get params:{"applyState":"4","pageNum":"1","pageSize":"10","total":"0"}
[2024-11-10T12:54:18.559] [INFO] info - post params:{}
